# JRE version: Java(TM) SE Runtime Environment (8.0_144-b01) (build 1.8.0_144-b01)
# Java VM: Java HotSpot(TM) 64-Bit Server VM (25.144-b01 mixed mode windows-amd64 compressed oops)
Heap:
 PSYoungGen      total 254976K, used 54913K [0x00000000d6200000, 0x00000000e6d00000, 0x0000000100000000)
  eden space 249344K, 19% used [0x00000000d6200000,0x00000000d92244a8,0x00000000e5580000)
  from space 5632K, 99% used [0x00000000e6780000,0x00000000e6cfc108,0x00000000e6d00000)
  to   space 7680K, 0% used [0x00000000e5e00000,0x00000000e5e00000,0x00000000e6580000)
 ParOldGen       total 55296K, used 16813K [0x0000000082600000, 0x0000000085c00000, 0x00000000d6200000)
  object space 55296K, 30% used [0x0000000082600000,0x000000008366b6a0,0x0000000085c00000)
 Metaspace       used 25372K, capacity 26316K, committed 26672K, reserved 1073152K
  class space    used 3343K, capacity 3566K, committed 3632K, reserved 1048576K
GC Heap History (10 events):
Event: 1.127 GC heap before
{Heap before GC invocations=5 (full 0):
 PSYoungGen      total 70656K, used 70515K [0x00000000d6200000, 0x00000000dac00000, 0x0000000100000000)
  eden space 65536K, 99% used [0x00000000d6200000,0x00000000da1f0bf8,0x00000000da200000)
  from space 5120K, 98% used [0x00000000da700000,0x00000000dabec2b0,0x00000000dac00000)
  to   space 5120K, 0% used [0x00000000da200000,0x00000000da200000,0x00000000da700000)
 ParOldGen       total 86016K, used 104K [0x0000000082600000, 0x0000000087a00000, 0x00000000d6200000)
  object space 86016K, 0% used [0x0000000082600000,0x000000008261a010,0x0000000087a00000)
 Metaspace       used 17269K, capacity 17914K, committed 18048K, reserved 1064960K
  class space    used 2525K, capacity 2677K, committed 2688K, reserved 1048576K
Event: 1.134 GC heap after
Heap after GC invocations=5 (full 0):
 PSYoungGen      total 70656K, used 5042K [0x00000000d6200000, 0x00000000ded00000, 0x0000000100000000)
  eden space 65536K, 0% used [0x00000000d6200000,0x00000000d6200000,0x00000000da200000)
  from space 5120K, 98% used [0x00000000da200000,0x00000000da6ecb18,0x00000000da700000)
  to   space 5632K, 0% used [0x00000000de780000,0x00000000de780000,0x00000000ded00000)
 ParOldGen       total 86016K, used 112K [0x0000000082600000, 0x0000000087a00000, 0x00000000d6200000)
  object space 86016K, 0% used [0x0000000082600000,0x000000008261c010,0x0000000087a00000)
 Metaspace       used 17269K, capacity 17914K, committed 18048K, reserved 1064960K
  class space    used 2525K, capacity 2677K, committed 2688K, reserved 1048576K
}
Event: 1.156 GC heap before
{Heap before GC invocations=6 (full 0):
 PSYoungGen      total 70656K, used 70490K [0x00000000d6200000, 0x00000000ded00000, 0x0000000100000000)
  eden space 65536K, 99% used [0x00000000d6200000,0x00000000da1e9d50,0x00000000da200000)
  from space 5120K, 98% used [0x00000000da200000,0x00000000da6ecb18,0x00000000da700000)
  to   space 5632K, 0% used [0x00000000de780000,0x00000000de780000,0x00000000ded00000)
 ParOldGen       total 86016K, used 112K [0x0000000082600000, 0x0000000087a00000, 0x00000000d6200000)
  object space 86016K, 0% used [0x0000000082600000,0x000000008261c010,0x0000000087a00000)
 Metaspace       used 17343K, capacity 17978K, committed 18048K, reserved 1064960K
  class space    used 2536K, capacity 2677K, committed 2688K, reserved 1048576K
Event: 1.162 GC heap after
Heap after GC invocations=6 (full 0):
 PSYoungGen      total 136704K, used 5118K [0x00000000d6200000, 0x00000000ded00000, 0x0000000100000000)
  eden space 131072K, 0% used [0x00000000d6200000,0x00000000d6200000,0x00000000de200000)
  from space 5632K, 90% used [0x00000000de780000,0x00000000dec7fad0,0x00000000ded00000)
  to   space 5632K, 0% used [0x00000000de200000,0x00000000de200000,0x00000000de780000)
 ParOldGen       total 86016K, used 120K [0x0000000082600000, 0x0000000087a00000, 0x00000000d6200000)
  object space 86016K, 0% used [0x0000000082600000,0x000000008261e010,0x0000000087a00000)
 Metaspace       used 17343K, capacity 17978K, committed 18048K, reserved 1064960K
  class space    used 2536K, capacity 2677K, committed 2688K, reserved 1048576K
}
Event: 2.167 GC heap before
{Heap before GC invocations=7 (full 0):
 PSYoungGen      total 136704K, used 65242K [0x00000000d6200000, 0x00000000ded00000, 0x0000000100000000)
  eden space 131072K, 45% used [0x00000000d6200000,0x00000000d9cb70a0,0x00000000de200000)
  from space 5632K, 90% used [0x00000000de780000,0x00000000dec7fad0,0x00000000ded00000)
  to   space 5632K, 0% used [0x00000000de200000,0x00000000de200000,0x00000000de780000)
 ParOldGen       total 86016K, used 120K [0x0000000082600000, 0x0000000087a00000, 0x00000000d6200000)
  object space 86016K, 0% used [0x0000000082600000,0x000000008261e010,0x0000000087a00000)
 Metaspace       used 20518K, capacity 21250K, committed 21296K, reserved 1067008K
  class space    used 2904K, capacity 3093K, committed 3120K, reserved 1048576K
Event: 2.187 GC heap after
Heap after GC invocations=7 (full 0):
 PSYoungGen      total 136704K, used 4095K [0x00000000d6200000, 0x00000000e6d00000, 0x0000000100000000)
  eden space 131072K, 0% used [0x00000000d6200000,0x00000000d6200000,0x00000000de200000)
  from space 5632K, 72% used [0x00000000de200000,0x00000000de5ffd48,0x00000000de780000)
  to   space 5632K, 0% used [0x00000000e6780000,0x00000000e6780000,0x00000000e6d00000)
 ParOldGen       total 86016K, used 13418K [0x0000000082600000, 0x0000000087a00000, 0x00000000d6200000)
  object space 86016K, 15% used [0x0000000082600000,0x000000008331a880,0x0000000087a00000)
 Metaspace       used 20518K, capacity 21250K, committed 21296K, reserved 1067008K
  class space    used 2904K, capacity 3093K, committed 3120K, reserved 1048576K
}
Event: 2.187 GC heap before
{Heap before GC invocations=8 (full 1):
 PSYoungGen      total 136704K, used 4095K [0x00000000d6200000, 0x00000000e6d00000, 0x0000000100000000)
  eden space 131072K, 0% used [0x00000000d6200000,0x00000000d6200000,0x00000000de200000)
  from space 5632K, 72% used [0x00000000de200000,0x00000000de5ffd48,0x00000000de780000)
  to   space 5632K, 0% used [0x00000000e6780000,0x00000000e6780000,0x00000000e6d00000)
 ParOldGen       total 86016K, used 13418K [0x0000000082600000, 0x0000000087a00000, 0x00000000d6200000)
  object space 86016K, 15% used [0x0000000082600000,0x000000008331a880,0x0000000087a00000)
 Metaspace       used 20518K, capacity 21250K, committed 21296K, reserved 1067008K
  class space    used 2904K, capacity 3093K, committed 3120K, reserved 1048576K
Event: 2.210 GC heap after
Heap after GC invocations=8 (full 1):
 PSYoungGen      total 136704K, used 0K [0x00000000d6200000, 0x00000000e6d00000, 0x0000000100000000)
  eden space 131072K, 0% used [0x00000000d6200000,0x00000000d6200000,0x00000000de200000)
  from space 5632K, 0% used [0x00000000de200000,0x00000000de200000,0x00000000de780000)
  to   space 5632K, 0% used [0x00000000e6780000,0x00000000e6780000,0x00000000e6d00000)
 ParOldGen       total 55296K, used 12924K [0x0000000082600000, 0x0000000085c00000, 0x00000000d6200000)
  object space 55296K, 23% used [0x0000000082600000,0x000000008329f010,0x0000000085c00000)
 Metaspace       used 20518K, capacity 21250K, committed 21296K, reserved 1067008K
  class space    used 2904K, capacity 3093K, committed 3120K, reserved 1048576K
}
Event: 17.335 GC heap before
{Heap before GC invocations=9 (full 1):
 PSYoungGen      total 136704K, used 131072K [0x00000000d6200000, 0x00000000e6d00000, 0x0000000100000000)
  eden space 131072K, 100% used [0x00000000d6200000,0x00000000de200000,0x00000000de200000)
  from space 5632K, 0% used [0x00000000de200000,0x00000000de200000,0x00000000de780000)
  to   space 5632K, 0% used [0x00000000e6780000,0x00000000e6780000,0x00000000e6d00000)
 ParOldGen       total 55296K, used 12924K [0x0000000082600000, 0x0000000085c00000, 0x00000000d6200000)
  object space 55296K, 23% used [0x0000000082600000,0x000000008329f010,0x0000000085c00000)
 Metaspace       used 25182K, capacity 26112K, committed 26416K, reserved 1073152K
  class space    used 3341K, capacity 3566K, committed 3632K, reserved 1048576K
Event: 17.348 GC heap after
Heap after GC invocations=9 (full 1):
 PSYoungGen      total 254976K, used 5616K [0x00000000d6200000, 0x00000000e6d00000, 0x0000000100000000)
  eden space 249344K, 0% used [0x00000000d6200000,0x00000000d6200000,0x00000000e5580000)
  from space 5632K, 99% used [0x00000000e6780000,0x00000000e6cfc108,0x00000000e6d00000)
  to   space 7680K, 0% used [0x00000000e5e00000,0x00000000e5e00000,0x00000000e6580000)
 ParOldGen       total 55296K, used 16813K [0x0000000082600000, 0x0000000085c00000, 0x00000000d6200000)
  object space 55296K, 30% used [0x0000000082600000,0x000000008366b6a0,0x0000000085c00000)
 Metaspace       used 25182K, capacity 26112K, committed 26416K, reserved 1073152K
  class space    used 3341K, capacity 3566K, committed 3632K, reserved 1048576K
}

